This file contains any messages produced by compilers while
running configure, to aid debugging if configure makes a mistake.

It was created by hotspot configure 1.0, which was
generated by GNU Autoconf 2.71.  Invocation command line was

  $ ./configure

## --------- ##
## Platform. ##
## --------- ##

hostname = runnervmw9dnm
uname -m = x86_64
uname -r = 6.11.0-1018-azure
uname -s = Linux
uname -v = #18~24.04.1-Ubuntu SMP Sat Jun 28 04:46:03 UTC 2025

/usr/bin/uname -p = x86_64
/bin/uname -X     = unknown

/bin/arch              = x86_64
/usr/bin/arch -k       = unknown
/usr/convex/getsysinfo = unknown
/usr/bin/hostinfo      = unknown
/bin/machine           = unknown
/usr/bin/oslevel       = unknown
/bin/universe          = unknown

PATH: /snap/bin/
PATH: /home/runner/.local/bin/
PATH: /opt/pipx_bin/
PATH: /home/runner/.cargo/bin/
PATH: /home/runner/.config/composer/vendor/bin/
PATH: /usr/local/.ghcup/bin/
PATH: /home/runner/.dotnet/tools/
PATH: /usr/local/sbin/
PATH: /usr/local/bin/
PATH: /usr/sbin/
PATH: /usr/bin/
PATH: /sbin/
PATH: /bin/
PATH: /usr/games/
PATH: /usr/local/games/
PATH: /snap/bin/


## ----------- ##
## Core tests. ##
## ----------- ##

configure:2824: looking for aux files: compile config.guess config.sub ltmain.sh missing install-sh
configure:2837:  trying ./
configure:2866:   ./compile found
configure:2866:   ./config.guess found
configure:2866:   ./config.sub found
configure:2866:   ./ltmain.sh found
configure:2866:   ./missing found
configure:2848:   ./install-sh found
configure:2995: checking for a BSD-compatible install
configure:3068: result: /usr/bin/install -c
configure:3079: checking whether build environment is sane
configure:3134: result: yes
configure:3293: checking for a race-free mkdir -p
configure:3337: result: /usr/bin/mkdir -p
configure:3344: checking for gawk
configure:3365: found /usr/bin/gawk
configure:3376: result: gawk
configure:3387: checking whether make sets $(MAKE)
configure:3410: result: yes
configure:3440: checking whether make supports nested variables
configure:3458: result: yes
configure:3626: checking build system type
configure:3641: result: x86_64-pc-linux-gnu
configure:3661: checking host system type
configure:3675: result: x86_64-pc-linux-gnu
configure:3716: checking how to print strings
configure:3743: result: printf
configure:3777: checking whether make supports the include directive
configure:3792: make -f confmf.GNU && cat confinc.out
this is the am__doit target
configure:3795: $? = 0
configure:3814: result: yes (GNU style)
configure:3890: checking for gcc
configure:3911: found /usr/bin/gcc
configure:3922: result: gcc
configure:4275: checking for C compiler version
configure:4284: gcc --version >&5
gcc (Ubuntu 13.3.0-6ubuntu2~24.04) 13.3.0
Copyright (C) 2023 Free Software Foundation, Inc.
This is free software; see the source for copying conditions.  There is NO
warranty; not even for MERCHANTABILITY or FITNESS FOR A PARTICULAR PURPOSE.

configure:4295: $? = 0
configure:4284: gcc -v >&5
Using built-in specs.
COLLECT_GCC=gcc
COLLECT_LTO_WRAPPER=/usr/libexec/gcc/x86_64-linux-gnu/13/lto-wrapper
OFFLOAD_TARGET_NAMES=nvptx-none:amdgcn-amdhsa
OFFLOAD_TARGET_DEFAULT=1
Target: x86_64-linux-gnu
Configured with: ../src/configure -v --with-pkgversion='Ubuntu 13.3.0-6ubuntu2~24.04' --with-bugurl=file:///usr/share/doc/gcc-13/README.Bugs --enable-languages=c,ada,c++,go,d,fortran,objc,obj-c++,m2 --prefix=/usr --with-gcc-major-version-only --program-suffix=-13 --program-prefix=x86_64-linux-gnu- --enable-shared --enable-linker-build-id --libexecdir=/usr/libexec --without-included-gettext --enable-threads=posix --libdir=/usr/lib --enable-nls --enable-bootstrap --enable-clocale=gnu --enable-libstdcxx-debug --enable-libstdcxx-time=yes --with-default-libstdcxx-abi=new --enable-libstdcxx-backtrace --enable-gnu-unique-object --disable-vtable-verify --enable-plugin --enable-default-pie --with-system-zlib --enable-libphobos-checking=release --with-target-system-zlib=auto --enable-objc-gc=auto --enable-multiarch --disable-werror --enable-cet --with-arch-32=i686 --with-abi=m64 --with-multilib-list=m32,m64,mx32 --enable-multilib --with-tune=generic --enable-offload-targets=nvptx-none=/build/gcc-13-fG75Ri/gcc-13-13.3.0/debian/tmp-nvptx/usr,amdgcn-amdhsa=/build/gcc-13-fG75Ri/gcc-13-13.3.0/debian/tmp-gcn/usr --enable-offload-defaulted --without-cuda-driver --enable-checking=release --build=x86_64-linux-gnu --host=x86_64-linux-gnu --target=x86_64-linux-gnu --with-build-config=bootstrap-lto-lean --enable-link-serialization=2
Thread model: posix
Supported LTO compression algorithms: zlib zstd
gcc version 13.3.0 (Ubuntu 13.3.0-6ubuntu2~24.04) 
... rest of stderr output deleted ...
configure:4295: $? = 0
configure:4284: gcc -V >&5
gcc: error: unrecognized command-line option '-V'
gcc: fatal error: no input files
compilation terminated.
configure:4295: $? = 1
configure:4284: gcc -qversion >&5
gcc: error: unrecognized command-line option '-qversion'; did you mean '--version'?
gcc: fatal error: no input files
compilation terminated.
configure:4295: $? = 1
configure:4284: gcc -version >&5
gcc: error: unrecognized command-line option '-version'
gcc: fatal error: no input files
compilation terminated.
configure:4295: $? = 1
configure:4315: checking whether the C compiler works
configure:4337: gcc    conftest.c  >&5
configure:4341: $? = 0
configure:4391: result: yes
configure:4394: checking for C compiler default output file name
configure:4396: result: a.out
configure:4402: checking for suffix of executables
configure:4409: gcc -o conftest    conftest.c  >&5
configure:4413: $? = 0
configure:4436: result: 
configure:4458: checking whether we are cross compiling
configure:4466: gcc -o conftest    conftest.c  >&5
configure:4470: $? = 0
configure:4477: ./conftest
configure:4481: $? = 0
configure:4496: result: no
configure:4501: checking for suffix of object files
configure:4524: gcc -c   conftest.c >&5
configure:4528: $? = 0
configure:4550: result: o
configure:4554: checking whether the compiler supports GNU C
configure:4574: gcc -c   conftest.c >&5
configure:4574: $? = 0
configure:4584: result: yes
configure:4595: checking whether gcc accepts -g
configure:4616: gcc -c -g  conftest.c >&5
configure:4616: $? = 0
configure:4660: result: yes
configure:4680: checking for gcc option to enable C11 features
configure:4695: gcc  -c -g -O2  conftest.c >&5
configure:4695: $? = 0
configure:4713: result: none needed
configure:4829: checking whether gcc understands -c and -o together
configure:4852: gcc -c conftest.c -o conftest2.o
configure:4855: $? = 0
configure:4852: gcc -c conftest.c -o conftest2.o
configure:4855: $? = 0
configure:4867: result: yes
configure:4886: checking dependency style of gcc
configure:4998: result: gcc3
configure:5013: checking for a sed that does not truncate output
configure:5083: result: /usr/bin/sed
configure:5101: checking for grep that handles long lines and -e
configure:5165: result: /usr/bin/grep
configure:5170: checking for egrep
configure:5238: result: /usr/bin/grep -E
configure:5243: checking for fgrep
configure:5311: result: /usr/bin/grep -F
configure:5347: checking for ld used by gcc
configure:5415: result: /usr/bin/ld
configure:5422: checking if the linker (/usr/bin/ld) is GNU ld
configure:5438: result: yes
configure:5450: checking for BSD- or MS-compatible name lister (nm)
configure:5505: result: /usr/bin/nm -B
configure:5645: checking the name lister (/usr/bin/nm -B) interface
configure:5653: gcc -c -g -O2  conftest.c >&5
configure:5656: /usr/bin/nm -B "conftest.o"
configure:5659: output
0000000000000000 B some_variable
configure:5666: result: BSD nm
configure:5669: checking whether ln -s works
configure:5673: result: yes
configure:5681: checking the maximum length of command line arguments
configure:5813: result: 3145728
configure:5861: checking how to convert x86_64-pc-linux-gnu file names to x86_64-pc-linux-gnu format
configure:5902: result: func_convert_file_noop
configure:5909: checking how to convert x86_64-pc-linux-gnu file names to toolchain format
configure:5930: result: func_convert_file_noop
configure:5937: checking for /usr/bin/ld option to reload object files
configure:5945: result: -r
configure:6024: checking for file
configure:6045: found /usr/bin/file
configure:6056: result: file
configure:6132: checking for objdump
configure:6153: found /usr/bin/objdump
configure:6164: result: objdump
configure:6196: checking how to recognize dependent libraries
configure:6397: result: pass_all
configure:6487: checking for dlltool
configure:6522: result: no
configure:6552: checking how to associate runtime and link libraries
configure:6580: result: printf %s\n
configure:6646: checking for ar
configure:6667: found /usr/bin/ar
configure:6678: result: ar
configure:6731: checking for archiver @FILE support
configure:6749: gcc -c -g -O2  conftest.c >&5
configure:6749: $? = 0
configure:6753: ar cr libconftest.a @conftest.lst >&5
configure:6756: $? = 0
configure:6761: ar cr libconftest.a @conftest.lst >&5
ar: conftest.o: No such file or directory
configure:6764: $? = 1
configure:6776: result: @
configure:6839: checking for strip
configure:6860: found /usr/bin/strip
configure:6871: result: strip
configure:6948: checking for ranlib
configure:6969: found /usr/bin/ranlib
configure:6980: result: ranlib
configure:7082: checking command to parse /usr/bin/nm -B output from gcc object
configure:7236: gcc -c -g -O2  conftest.c >&5
configure:7239: $? = 0
configure:7243: /usr/bin/nm -B conftest.o | /usr/bin/sed -n -e 's/^.*[	 ]\([ABCDGIRSTW][ABCDGIRSTW]*\)[	 ][	 ]*\([_A-Za-z][_A-Za-z0-9]*\)$/\1 \2 \2/p' | /usr/bin/sed '/ __gnu_lto/d' > conftest.nm
configure:7309: gcc -o conftest -g -O2   conftest.c conftstm.o >&5
configure:7312: $? = 0
configure:7350: result: ok
configure:7397: checking for sysroot
configure:7428: result: no
configure:7435: checking for a working dd
configure:7479: result: /usr/bin/dd
configure:7483: checking how to truncate binary pipes
configure:7499: result: /usr/bin/dd bs=4096 count=1
configure:7636: gcc -c -g -O2  conftest.c >&5
configure:7639: $? = 0
configure:7836: checking for mt
configure:7857: found /usr/bin/mt
configure:7868: result: mt
configure:7891: checking if mt is a manifest tool
configure:7898: mt '-?'
configure:7906: result: no
configure:8631: checking for stdio.h
configure:8631: gcc -c -g -O2  conftest.c >&5
configure:8631: $? = 0
configure:8631: result: yes
configure:8631: checking for stdlib.h
configure:8631: gcc -c -g -O2  conftest.c >&5
configure:8631: $? = 0
configure:8631: result: yes
configure:8631: checking for string.h
configure:8631: gcc -c -g -O2  conftest.c >&5
configure:8631: $? = 0
configure:8631: result: yes
configure:8631: checking for inttypes.h
configure:8631: gcc -c -g -O2  conftest.c >&5
configure:8631: $? = 0
configure:8631: result: yes
configure:8631: checking for stdint.h
configure:8631: gcc -c -g -O2  conftest.c >&5
configure:8631: $? = 0
configure:8631: result: yes
configure:8631: checking for strings.h
configure:8631: gcc -c -g -O2  conftest.c >&5
configure:8631: $? = 0
configure:8631: result: yes
configure:8631: checking for sys/stat.h
configure:8631: gcc -c -g -O2  conftest.c >&5
configure:8631: $? = 0
configure:8631: result: yes
configure:8631: checking for sys/types.h
configure:8631: gcc -c -g -O2  conftest.c >&5
configure:8631: $? = 0
configure:8631: result: yes
configure:8631: checking for unistd.h
configure:8631: gcc -c -g -O2  conftest.c >&5
configure:8631: $? = 0
configure:8631: result: yes
configure:8656: checking for dlfcn.h
configure:8656: gcc -c -g -O2  conftest.c >&5
configure:8656: $? = 0
configure:8656: result: yes
configure:8915: checking for objdir
configure:8931: result: .libs
configure:9195: checking if gcc supports -fno-rtti -fno-exceptions
configure:9214: gcc -c -g -O2  -fno-rtti -fno-exceptions conftest.c >&5
cc1: warning: command-line option '-fno-rtti' is valid for C++/D/ObjC++ but not for C
configure:9218: $? = 0
configure:9231: result: no
configure:9595: checking for gcc option to produce PIC
configure:9603: result: -fPIC -DPIC
configure:9611: checking if gcc PIC flag -fPIC -DPIC works
configure:9630: gcc -c -g -O2  -fPIC -DPIC -DPIC conftest.c >&5
configure:9634: $? = 0
configure:9647: result: yes
configure:9676: checking if gcc static flag -static works
configure:9705: result: yes
configure:9720: checking if gcc supports -c -o file.o
configure:9742: gcc -c -g -O2  -o out/conftest2.o conftest.c >&5
configure:9746: $? = 0
configure:9768: result: yes
configure:9776: checking if gcc supports -c -o file.o
configure:9824: result: yes
configure:9857: checking whether the gcc linker (/usr/bin/ld -m elf_x86_64) supports shared libraries
configure:11131: result: yes
configure:11168: checking whether -lc should be explicitly linked in
configure:11177: gcc -c -g -O2  conftest.c >&5
configure:11180: $? = 0
configure:11195: gcc -shared  -fPIC -DPIC conftest.o  -v -Wl,-soname -Wl,conftest -o conftest 2\>\&1 \| /usr/bin/grep  -lc  \>/dev/null 2\>\&1
configure:11198: $? = 0
configure:11212: result: no
configure:11372: checking dynamic linker characteristics
configure:11954: gcc -o conftest -g -O2   -Wl,-rpath -Wl,/foo conftest.c  >&5
configure:11954: $? = 0
configure:12205: result: GNU/Linux ld.so
configure:12327: checking how to hardcode library paths into programs
configure:12352: result: immediate
configure:12904: checking whether stripping libraries is possible
configure:12913: result: yes
configure:12955: checking if libtool supports shared libraries
configure:12957: result: yes
configure:12960: checking whether to build shared libraries
configure:12985: result: yes
configure:12988: checking whether to build static libraries
configure:12992: result: yes
configure:13051: WARNING: Docker support is disabled
configure:13230: checking for gcc
configure:13262: result: gcc
configure:13615: checking for C compiler version
configure:13624: gcc --version >&5
gcc (Ubuntu 13.3.0-6ubuntu2~24.04) 13.3.0
Copyright (C) 2023 Free Software Foundation, Inc.
This is free software; see the source for copying conditions.  There is NO
warranty; not even for MERCHANTABILITY or FITNESS FOR A PARTICULAR PURPOSE.

configure:13635: $? = 0
configure:13624: gcc -v >&5
Using built-in specs.
COLLECT_GCC=gcc
COLLECT_LTO_WRAPPER=/usr/libexec/gcc/x86_64-linux-gnu/13/lto-wrapper
OFFLOAD_TARGET_NAMES=nvptx-none:amdgcn-amdhsa
OFFLOAD_TARGET_DEFAULT=1
Target: x86_64-linux-gnu
Configured with: ../src/configure -v --with-pkgversion='Ubuntu 13.3.0-6ubuntu2~24.04' --with-bugurl=file:///usr/share/doc/gcc-13/README.Bugs --enable-languages=c,ada,c++,go,d,fortran,objc,obj-c++,m2 --prefix=/usr --with-gcc-major-version-only --program-suffix=-13 --program-prefix=x86_64-linux-gnu- --enable-shared --enable-linker-build-id --libexecdir=/usr/libexec --without-included-gettext --enable-threads=posix --libdir=/usr/lib --enable-nls --enable-bootstrap --enable-clocale=gnu --enable-libstdcxx-debug --enable-libstdcxx-time=yes --with-default-libstdcxx-abi=new --enable-libstdcxx-backtrace --enable-gnu-unique-object --disable-vtable-verify --enable-plugin --enable-default-pie --with-system-zlib --enable-libphobos-checking=release --with-target-system-zlib=auto --enable-objc-gc=auto --enable-multiarch --disable-werror --enable-cet --with-arch-32=i686 --with-abi=m64 --with-multilib-list=m32,m64,mx32 --enable-multilib --with-tune=generic --enable-offload-targets=nvptx-none=/build/gcc-13-fG75Ri/gcc-13-13.3.0/debian/tmp-nvptx/usr,amdgcn-amdhsa=/build/gcc-13-fG75Ri/gcc-13-13.3.0/debian/tmp-gcn/usr --enable-offload-defaulted --without-cuda-driver --enable-checking=release --build=x86_64-linux-gnu --host=x86_64-linux-gnu --target=x86_64-linux-gnu --with-build-config=bootstrap-lto-lean --enable-link-serialization=2
Thread model: posix
Supported LTO compression algorithms: zlib zstd
gcc version 13.3.0 (Ubuntu 13.3.0-6ubuntu2~24.04) 
... rest of stderr output deleted ...
configure:13635: $? = 0
configure:13624: gcc -V >&5
gcc: error: unrecognized command-line option '-V'
gcc: fatal error: no input files
compilation terminated.
configure:13635: $? = 1
configure:13624: gcc -qversion >&5
gcc: error: unrecognized command-line option '-qversion'; did you mean '--version'?
gcc: fatal error: no input files
compilation terminated.
configure:13635: $? = 1
configure:13624: gcc -version >&5
gcc: error: unrecognized command-line option '-version'
gcc: fatal error: no input files
compilation terminated.
configure:13635: $? = 1
configure:13639: checking whether the compiler supports GNU C
configure:13669: result: yes
configure:13680: checking whether gcc accepts -g
configure:13745: result: yes
configure:13765: checking for gcc option to enable C11 features
configure:13798: result: none needed
configure:13914: checking whether gcc understands -c and -o together
configure:13952: result: yes
configure:13971: checking dependency style of gcc
configure:14083: result: gcc3
configure:14167: checking for g++
configure:14188: found /usr/bin/g++
configure:14199: result: g++
configure:14226: checking for C++ compiler version
configure:14235: g++ --version >&5
g++ (Ubuntu 13.3.0-6ubuntu2~24.04) 13.3.0
Copyright (C) 2023 Free Software Foundation, Inc.
This is free software; see the source for copying conditions.  There is NO
warranty; not even for MERCHANTABILITY or FITNESS FOR A PARTICULAR PURPOSE.

configure:14246: $? = 0
configure:14235: g++ -v >&5
Using built-in specs.
COLLECT_GCC=g++
COLLECT_LTO_WRAPPER=/usr/libexec/gcc/x86_64-linux-gnu/13/lto-wrapper
OFFLOAD_TARGET_NAMES=nvptx-none:amdgcn-amdhsa
OFFLOAD_TARGET_DEFAULT=1
Target: x86_64-linux-gnu
Configured with: ../src/configure -v --with-pkgversion='Ubuntu 13.3.0-6ubuntu2~24.04' --with-bugurl=file:///usr/share/doc/gcc-13/README.Bugs --enable-languages=c,ada,c++,go,d,fortran,objc,obj-c++,m2 --prefix=/usr --with-gcc-major-version-only --program-suffix=-13 --program-prefix=x86_64-linux-gnu- --enable-shared --enable-linker-build-id --libexecdir=/usr/libexec --without-included-gettext --enable-threads=posix --libdir=/usr/lib --enable-nls --enable-bootstrap --enable-clocale=gnu --enable-libstdcxx-debug --enable-libstdcxx-time=yes --with-default-libstdcxx-abi=new --enable-libstdcxx-backtrace --enable-gnu-unique-object --disable-vtable-verify --enable-plugin --enable-default-pie --with-system-zlib --enable-libphobos-checking=release --with-target-system-zlib=auto --enable-objc-gc=auto --enable-multiarch --disable-werror --enable-cet --with-arch-32=i686 --with-abi=m64 --with-multilib-list=m32,m64,mx32 --enable-multilib --with-tune=generic --enable-offload-targets=nvptx-none=/build/gcc-13-fG75Ri/gcc-13-13.3.0/debian/tmp-nvptx/usr,amdgcn-amdhsa=/build/gcc-13-fG75Ri/gcc-13-13.3.0/debian/tmp-gcn/usr --enable-offload-defaulted --without-cuda-driver --enable-checking=release --build=x86_64-linux-gnu --host=x86_64-linux-gnu --target=x86_64-linux-gnu --with-build-config=bootstrap-lto-lean --enable-link-serialization=2
Thread model: posix
Supported LTO compression algorithms: zlib zstd
gcc version 13.3.0 (Ubuntu 13.3.0-6ubuntu2~24.04) 
... rest of stderr output deleted ...
configure:14246: $? = 0
configure:14235: g++ -V >&5
g++: error: unrecognized command-line option '-V'
g++: fatal error: no input files
compilation terminated.
configure:14246: $? = 1
configure:14235: g++ -qversion >&5
g++: error: unrecognized command-line option '-qversion'; did you mean '--version'?
g++: fatal error: no input files
compilation terminated.
configure:14246: $? = 1
configure:14250: checking whether the compiler supports GNU C++
configure:14270: g++ -c   conftest.cpp >&5
configure:14270: $? = 0
configure:14280: result: yes
configure:14291: checking whether g++ accepts -g
configure:14312: g++ -c -g  conftest.cpp >&5
configure:14312: $? = 0
configure:14356: result: yes
configure:14376: checking for g++ option to enable C++11 features
configure:14391: g++  -c -g -O2  conftest.cpp >&5
conftest.cpp: In function 'int main(int, char**)':
conftest.cpp:189:25: warning: empty parentheses were disambiguated as a function declaration [-Wvexing-parse]
  189 |   cxx11test::delegate d2();
      |                         ^~
conftest.cpp:189:25: note: remove parentheses to default-initialize a variable
  189 |   cxx11test::delegate d2();
      |                         ^~
      |                         --
conftest.cpp:189:25: note: or replace parentheses with braces to value-initialize a variable
configure:14391: $? = 0
configure:14409: result: none needed
configure:14475: checking dependency style of g++
configure:14587: result: gcc3
configure:14620: checking how to run the C++ preprocessor
configure:14642: g++ -E  conftest.cpp
configure:14642: $? = 0
configure:14657: g++ -E  conftest.cpp
conftest.cpp:23:10: fatal error: ac_nonexistent.h: No such file or directory
   23 | #include <ac_nonexistent.h>
      |          ^~~~~~~~~~~~~~~~~~
compilation terminated.
configure:14657: $? = 1
configure: failed program was:
| /* confdefs.h */
| #define PACKAGE_NAME "hotspot"
| #define PACKAGE_TARNAME "hotspot"
| #define PACKAGE_VERSION "1.0"
| #define PACKAGE_STRING "hotspot 1.0"
| #define PACKAGE_BUGREPORT "BUG-REPORT-ADDRESS"
| #define PACKAGE_URL ""
| #define PACKAGE "hotspot"
| #define VERSION "1.0"
| #define HAVE_STDIO_H 1
| #define HAVE_STDLIB_H 1
| #define HAVE_STRING_H 1
| #define HAVE_INTTYPES_H 1
| #define HAVE_STDINT_H 1
| #define HAVE_STRINGS_H 1
| #define HAVE_SYS_STAT_H 1
| #define HAVE_SYS_TYPES_H 1
| #define HAVE_UNISTD_H 1
| #define STDC_HEADERS 1
| #define HAVE_DLFCN_H 1
| #define LT_OBJDIR ".libs/"
| /* end confdefs.h.  */
| #include <ac_nonexistent.h>
configure:14684: result: g++ -E
configure:14698: g++ -E  conftest.cpp
configure:14698: $? = 0
configure:14713: g++ -E  conftest.cpp
conftest.cpp:23:10: fatal error: ac_nonexistent.h: No such file or directory
   23 | #include <ac_nonexistent.h>
      |          ^~~~~~~~~~~~~~~~~~
compilation terminated.
configure:14713: $? = 1
configure: failed program was:
| /* confdefs.h */
| #define PACKAGE_NAME "hotspot"
| #define PACKAGE_TARNAME "hotspot"
| #define PACKAGE_VERSION "1.0"
| #define PACKAGE_STRING "hotspot 1.0"
| #define PACKAGE_BUGREPORT "BUG-REPORT-ADDRESS"
| #define PACKAGE_URL ""
| #define PACKAGE "hotspot"
| #define VERSION "1.0"
| #define HAVE_STDIO_H 1
| #define HAVE_STDLIB_H 1
| #define HAVE_STRING_H 1
| #define HAVE_INTTYPES_H 1
| #define HAVE_STDINT_H 1
| #define HAVE_STRINGS_H 1
| #define HAVE_SYS_STAT_H 1
| #define HAVE_SYS_TYPES_H 1
| #define HAVE_UNISTD_H 1
| #define STDC_HEADERS 1
| #define HAVE_DLFCN_H 1
| #define LT_OBJDIR ".libs/"
| /* end confdefs.h.  */
| #include <ac_nonexistent.h>
configure:14878: checking for ld used by g++
configure:14946: result: /usr/bin/ld -m elf_x86_64
configure:14953: checking if the linker (/usr/bin/ld -m elf_x86_64) is GNU ld
configure:14969: result: yes
configure:15024: checking whether the g++ linker (/usr/bin/ld -m elf_x86_64) supports shared libraries
configure:16102: result: yes
configure:16138: g++ -c -g -O2  conftest.cpp >&5
configure:16141: $? = 0
configure:16622: checking for g++ option to produce PIC
configure:16630: result: -fPIC -DPIC
configure:16638: checking if g++ PIC flag -fPIC -DPIC works
configure:16657: g++ -c -g -O2  -fPIC -DPIC -DPIC conftest.cpp >&5
configure:16661: $? = 0
configure:16674: result: yes
configure:16697: checking if g++ static flag -static works
configure:16726: result: yes
configure:16738: checking if g++ supports -c -o file.o
configure:16760: g++ -c -g -O2  -o out/conftest2.o conftest.cpp >&5
configure:16764: $? = 0
configure:16786: result: yes
configure:16791: checking if g++ supports -c -o file.o
configure:16839: result: yes
configure:16869: checking whether the g++ linker (/usr/bin/ld -m elf_x86_64) supports shared libraries
configure:16912: result: yes
configure:17054: checking dynamic linker characteristics
configure:17814: result: GNU/Linux ld.so
configure:17879: checking how to hardcode library paths into programs
configure:17904: result: immediate
configure:17949: checking for stdlib.h
configure:17949: result: yes
configure:17955: checking for string.h
configure:17955: result: yes
configure:17961: checking for unistd.h
configure:17961: result: yes
configure:17970: checking for _Bool
configure:17970: gcc -c -g -O2  conftest.c >&5
configure:17970: $? = 0
configure:17970: gcc -c -g -O2  conftest.c >&5
conftest.c: In function 'main':
conftest.c:57:20: error: expected expression before ')' token
   57 | if (sizeof ((_Bool)))
      |                    ^
configure:17970: $? = 1
configure: failed program was:
| /* confdefs.h */
| #define PACKAGE_NAME "hotspot"
| #define PACKAGE_TARNAME "hotspot"
| #define PACKAGE_VERSION "1.0"
| #define PACKAGE_STRING "hotspot 1.0"
| #define PACKAGE_BUGREPORT "BUG-REPORT-ADDRESS"
| #define PACKAGE_URL ""
| #define PACKAGE "hotspot"
| #define VERSION "1.0"
| #define HAVE_STDIO_H 1
| #define HAVE_STDLIB_H 1
| #define HAVE_STRING_H 1
| #define HAVE_INTTYPES_H 1
| #define HAVE_STDINT_H 1
| #define HAVE_STRINGS_H 1
| #define HAVE_SYS_STAT_H 1
| #define HAVE_SYS_TYPES_H 1
| #define HAVE_UNISTD_H 1
| #define STDC_HEADERS 1
| #define HAVE_DLFCN_H 1
| #define LT_OBJDIR ".libs/"
| #define HAVE_STDLIB_H 1
| #define HAVE_STRING_H 1
| #define HAVE_UNISTD_H 1
| /* end confdefs.h.  */
| #include <stddef.h>
| #ifdef HAVE_STDIO_H
| # include <stdio.h>
| #endif
| #ifdef HAVE_STDLIB_H
| # include <stdlib.h>
| #endif
| #ifdef HAVE_STRING_H
| # include <string.h>
| #endif
| #ifdef HAVE_INTTYPES_H
| # include <inttypes.h>
| #endif
| #ifdef HAVE_STDINT_H
| # include <stdint.h>
| #endif
| #ifdef HAVE_STRINGS_H
| # include <strings.h>
| #endif
| #ifdef HAVE_SYS_TYPES_H
| # include <sys/types.h>
| #endif
| #ifdef HAVE_SYS_STAT_H
| # include <sys/stat.h>
| #endif
| #ifdef HAVE_UNISTD_H
| # include <unistd.h>
| #endif
| int
| main (void)
| {
| if (sizeof ((_Bool)))
| 	    return 0;
|   ;
|   return 0;
| }
configure:17970: result: yes
configure:17979: checking for stdbool.h that conforms to C99
configure:18095: gcc -c -g -O2  conftest.c >&5
configure:18095: $? = 0
configure:18103: result: yes
configure:18112: checking for inline
configure:18129: gcc -c -g -O2  conftest.c >&5
configure:18129: $? = 0
configure:18138: result: inline
configure:18158: checking for GNU libc compatible malloc
configure:18190: gcc -o conftest -g -O2   conftest.c  >&5
configure:18190: $? = 0
configure:18190: ./conftest
configure:18190: $? = 0
configure:18201: result: yes
configure:18329: checking that generated files are newer than configure
configure:18335: result: done
configure:18378: creating ./config.status

## ---------------------- ##
## Running config.status. ##
## ---------------------- ##

This file was extended by hotspot config.status 1.0, which was
generated by GNU Autoconf 2.71.  Invocation command line was

  CONFIG_FILES    = 
  CONFIG_HEADERS  = 
  CONFIG_LINKS    = 
  CONFIG_COMMANDS = 
  $ ./config.status 

on runnervmw9dnm

config.status:1166: creating source/hotspotfd/Makefile
config.status:1166: creating source/XfinityTestAgent/Makefile
config.status:1166: creating source/arp_solicitation/Makefile
config.status:1166: creating source/HotspotApi/Makefile
config.status:1166: creating source/Makefile
config.status:1166: creating Makefile
config.status:1166: creating config.h
config.status:1395: executing depfiles commands
config.status:1472: cd source/hotspotfd       && sed -e '/# am--include-marker/d' Makefile         | make -f - am--depfiles
config.status:1477: $? = 0
config.status:1472: cd source/XfinityTestAgent       && sed -e '/# am--include-marker/d' Makefile         | make -f - am--depfiles
config.status:1477: $? = 0
config.status:1472: cd source/arp_solicitation       && sed -e '/# am--include-marker/d' Makefile         | make -f - am--depfiles
config.status:1477: $? = 0
config.status:1472: cd source/HotspotApi       && sed -e '/# am--include-marker/d' Makefile         | make -f - am--depfiles
config.status:1477: $? = 0
config.status:1395: executing libtool commands

## ---------------- ##
## Cache variables. ##
## ---------------- ##

ac_cv_build=x86_64-pc-linux-gnu
ac_cv_c_compiler_gnu=yes
ac_cv_c_inline=inline
ac_cv_cxx_compiler_gnu=yes
ac_cv_env_CCC_set=
ac_cv_env_CCC_value=
ac_cv_env_CC_set=
ac_cv_env_CC_value=
ac_cv_env_CFLAGS_set=
ac_cv_env_CFLAGS_value=
ac_cv_env_CPPFLAGS_set=
ac_cv_env_CPPFLAGS_value=
ac_cv_env_CXXCPP_set=
ac_cv_env_CXXCPP_value=
ac_cv_env_CXXFLAGS_set=
ac_cv_env_CXXFLAGS_value=
ac_cv_env_CXX_set=
ac_cv_env_CXX_value=
ac_cv_env_LDFLAGS_set=
ac_cv_env_LDFLAGS_value=
ac_cv_env_LIBS_set=
ac_cv_env_LIBS_value=
ac_cv_env_LT_SYS_LIBRARY_PATH_set=
ac_cv_env_LT_SYS_LIBRARY_PATH_value=
ac_cv_env_build_alias_set=
ac_cv_env_build_alias_value=
ac_cv_env_host_alias_set=
ac_cv_env_host_alias_value=
ac_cv_env_target_alias_set=
ac_cv_env_target_alias_value=
ac_cv_func_malloc_0_nonnull=yes
ac_cv_header_dlfcn_h=yes
ac_cv_header_inttypes_h=yes
ac_cv_header_stdbool_h=yes
ac_cv_header_stdint_h=yes
ac_cv_header_stdio_h=yes
ac_cv_header_stdlib_h=yes
ac_cv_header_string_h=yes
ac_cv_header_strings_h=yes
ac_cv_header_sys_stat_h=yes
ac_cv_header_sys_types_h=yes
ac_cv_header_unistd_h=yes
ac_cv_host=x86_64-pc-linux-gnu
ac_cv_objext=o
ac_cv_path_EGREP='/usr/bin/grep -E'
ac_cv_path_FGREP='/usr/bin/grep -F'
ac_cv_path_GREP=/usr/bin/grep
ac_cv_path_SED=/usr/bin/sed
ac_cv_path_install='/usr/bin/install -c'
ac_cv_path_lt_DD=/usr/bin/dd
ac_cv_path_mkdir=/usr/bin/mkdir
ac_cv_prog_AWK=gawk
ac_cv_prog_CXXCPP='g++ -E'
ac_cv_prog_ac_ct_AR=ar
ac_cv_prog_ac_ct_CC=gcc
ac_cv_prog_ac_ct_CXX=g++
ac_cv_prog_ac_ct_FILECMD=file
ac_cv_prog_ac_ct_MANIFEST_TOOL=mt
ac_cv_prog_ac_ct_OBJDUMP=objdump
ac_cv_prog_ac_ct_RANLIB=ranlib
ac_cv_prog_ac_ct_STRIP=strip
ac_cv_prog_cc_c11=
ac_cv_prog_cc_g=yes
ac_cv_prog_cc_stdc=
ac_cv_prog_cxx_cxx11=
ac_cv_prog_cxx_g=yes
ac_cv_prog_cxx_stdcxx=
ac_cv_prog_make_make_set=yes
ac_cv_type__Bool=yes
am_cv_CC_dependencies_compiler_type=gcc3
am_cv_CXX_dependencies_compiler_type=gcc3
am_cv_make_support_nested_variables=yes
am_cv_prog_cc_c_o=yes
lt_cv_ar_at_file=@
lt_cv_archive_cmds_need_lc=no
lt_cv_deplibs_check_method=pass_all
lt_cv_file_magic_cmd='$MAGIC_CMD'
lt_cv_file_magic_test_file=
lt_cv_ld_reload_flag=-r
lt_cv_nm_interface='BSD nm'
lt_cv_objdir=.libs
lt_cv_path_LD=/usr/bin/ld
lt_cv_path_LDCXX='/usr/bin/ld -m elf_x86_64'
lt_cv_path_NM='/usr/bin/nm -B'
lt_cv_path_mainfest_tool=no
lt_cv_prog_compiler_c_o=yes
lt_cv_prog_compiler_c_o_CXX=yes
lt_cv_prog_compiler_pic='-fPIC -DPIC'
lt_cv_prog_compiler_pic_CXX='-fPIC -DPIC'
lt_cv_prog_compiler_pic_works=yes
lt_cv_prog_compiler_pic_works_CXX=yes
lt_cv_prog_compiler_rtti_exceptions=no
lt_cv_prog_compiler_static_works=yes
lt_cv_prog_compiler_static_works_CXX=yes
lt_cv_prog_gnu_ld=yes
lt_cv_prog_gnu_ldcxx=yes
lt_cv_sharedlib_from_linklib_cmd='printf %s\n'
lt_cv_shlibpath_overrides_runpath=yes
lt_cv_sys_global_symbol_pipe='/usr/bin/sed -n -e '\''s/^.*[	 ]\([ABCDGIRSTW][ABCDGIRSTW]*\)[	 ][	 ]*\([_A-Za-z][_A-Za-z0-9]*\)$/\1 \2 \2/p'\'' | /usr/bin/sed '\''/ __gnu_lto/d'\'''
lt_cv_sys_global_symbol_to_c_name_address='/usr/bin/sed -n -e '\''s/^: \(.*\) .*$/  {"\1", (void *) 0},/p'\'' -e '\''s/^[ABCDGIRSTW][ABCDGIRSTW]* .* \(.*\)$/  {"\1", (void *) \&\1},/p'\'''
lt_cv_sys_global_symbol_to_c_name_address_lib_prefix='/usr/bin/sed -n -e '\''s/^: \(.*\) .*$/  {"\1", (void *) 0},/p'\'' -e '\''s/^[ABCDGIRSTW][ABCDGIRSTW]* .* \(lib.*\)$/  {"\1", (void *) \&\1},/p'\'' -e '\''s/^[ABCDGIRSTW][ABCDGIRSTW]* .* \(.*\)$/  {"lib\1", (void *) \&\1},/p'\'''
lt_cv_sys_global_symbol_to_cdecl='/usr/bin/sed -n -e '\''s/^T .* \(.*\)$/extern int \1();/p'\'' -e '\''s/^[ABCDGIRSTW][ABCDGIRSTW]* .* \(.*\)$/extern char \1;/p'\'''
lt_cv_sys_global_symbol_to_import=
lt_cv_sys_max_cmd_len=3145728
lt_cv_to_host_file_cmd=func_convert_file_noop
lt_cv_to_tool_file_cmd=func_convert_file_noop
lt_cv_truncate_bin='/usr/bin/dd bs=4096 count=1'

## ----------------- ##
## Output variables. ##
## ----------------- ##

ACLOCAL='${SHELL} '\''/home/runner/work/hotspot/hotspot/missing'\'' aclocal-1.16'
AMDEPBACKSLASH='\'
AMDEP_FALSE='#'
AMDEP_TRUE=''
AMTAR='$${TAR-tar}'
AM_BACKSLASH='\'
AM_DEFAULT_V='$(AM_DEFAULT_VERBOSITY)'
AM_DEFAULT_VERBOSITY='1'
AM_V='$(V)'
AR='ar'
AUTOCONF='${SHELL} '\''/home/runner/work/hotspot/hotspot/missing'\'' autoconf'
AUTOHEADER='${SHELL} '\''/home/runner/work/hotspot/hotspot/missing'\'' autoheader'
AUTOMAKE='${SHELL} '\''/home/runner/work/hotspot/hotspot/missing'\'' automake-1.16'
AWK='gawk'
CC='gcc'
CCDEPMODE='depmode=gcc3'
CFLAGS='-g -O2'
CORE_NET_LIB_FEATURE_SUPPORT_FALSE=''
CORE_NET_LIB_FEATURE_SUPPORT_TRUE='#'
CPPFLAGS=''
CSCOPE='cscope'
CTAGS='ctags'
CXX='g++'
CXXCPP='g++ -E'
CXXDEPMODE='depmode=gcc3'
CXXFLAGS='-g -O2'
CYGPATH_W='echo'
DEFS='-DHAVE_CONFIG_H'
DEPDIR='.deps'
DLLTOOL='false'
DSYMUTIL=''
DUMPBIN=''
ECHO_C=''
ECHO_N='-n'
ECHO_T=''
EGREP='/usr/bin/grep -E'
ETAGS='etags'
EXEEXT=''
FEATURE_WAN_FAIL_OVER_FALSE=''
FEATURE_WAN_FAIL_OVER_TRUE='#'
FGREP='/usr/bin/grep -F'
FILECMD='file'
GREP='/usr/bin/grep'
INSTALL_DATA='${INSTALL} -m 644'
INSTALL_PROGRAM='${INSTALL}'
INSTALL_SCRIPT='${INSTALL}'
INSTALL_STRIP_PROGRAM='$(install_sh) -c -s'
LD='/usr/bin/ld -m elf_x86_64'
LDFLAGS=''
LIBOBJS=''
LIBS=''
LIBTOOL='$(SHELL) $(top_builddir)/libtool'
LIPO=''
LN_S='ln -s'
LTLIBOBJS=''
LT_SYS_LIBRARY_PATH=''
MAKEINFO='${SHELL} '\''/home/runner/work/hotspot/hotspot/missing'\'' makeinfo'
MANIFEST_TOOL=':'
MKDIR_P='/usr/bin/mkdir -p'
NM='/usr/bin/nm -B'
NMEDIT=''
OBJDUMP='objdump'
OBJEXT='o'
OTOOL64=''
OTOOL=''
PACKAGE='hotspot'
PACKAGE_BUGREPORT='BUG-REPORT-ADDRESS'
PACKAGE_NAME='hotspot'
PACKAGE_STRING='hotspot 1.0'
PACKAGE_TARNAME='hotspot'
PACKAGE_URL=''
PACKAGE_VERSION='1.0'
PATH_SEPARATOR=':'
RANLIB='ranlib'
SED='/usr/bin/sed'
SET_MAKE=''
SHELL='/bin/bash'
STRIP='strip'
UNIT_TEST_DOCKER_SUPPORT=''
UNIT_TEST_DOCKER_SUPPORT_FALSE=''
UNIT_TEST_DOCKER_SUPPORT_TRUE='#'
VERSION='1.0'
ac_ct_AR='ar'
ac_ct_CC='gcc'
ac_ct_CXX='g++'
ac_ct_DUMPBIN=''
am__EXEEXT_FALSE=''
am__EXEEXT_TRUE='#'
am__fastdepCC_FALSE='#'
am__fastdepCC_TRUE=''
am__fastdepCXX_FALSE='#'
am__fastdepCXX_TRUE=''
am__include='include'
am__isrc=''
am__leading_dot='.'
am__nodep='_no'
am__quote=''
am__tar='$${TAR-tar} chof - "$$tardir"'
am__untar='$${TAR-tar} xf -'
bindir='${exec_prefix}/bin'
build='x86_64-pc-linux-gnu'
build_alias=''
build_cpu='x86_64'
build_os='linux-gnu'
build_vendor='pc'
datadir='${datarootdir}'
datarootdir='${prefix}/share'
docdir='${datarootdir}/doc/${PACKAGE_TARNAME}'
dvidir='${docdir}'
exec_prefix='${prefix}'
host='x86_64-pc-linux-gnu'
host_alias=''
host_cpu='x86_64'
host_os='linux-gnu'
host_vendor='pc'
htmldir='${docdir}'
includedir='${prefix}/include'
infodir='${datarootdir}/info'
install_sh='${SHELL} /home/runner/work/hotspot/hotspot/install-sh'
libdir='${exec_prefix}/lib'
libexecdir='${exec_prefix}/libexec'
localedir='${datarootdir}/locale'
localstatedir='${prefix}/var'
mandir='${datarootdir}/man'
mkdir_p='$(MKDIR_P)'
oldincludedir='/usr/include'
pdfdir='${docdir}'
prefix='/home/runner/work/hotspot/hotspot'
program_transform_name='s,x,x,'
psdir='${docdir}'
runstatedir='${localstatedir}/run'
sbindir='${exec_prefix}/sbin'
sharedstatedir='${prefix}/com'
sysconfdir='${prefix}/etc'
target_alias=''

## ----------- ##
## confdefs.h. ##
## ----------- ##

/* confdefs.h */
#define PACKAGE_NAME "hotspot"
#define PACKAGE_TARNAME "hotspot"
#define PACKAGE_VERSION "1.0"
#define PACKAGE_STRING "hotspot 1.0"
#define PACKAGE_BUGREPORT "BUG-REPORT-ADDRESS"
#define PACKAGE_URL ""
#define PACKAGE "hotspot"
#define VERSION "1.0"
#define HAVE_STDIO_H 1
#define HAVE_STDLIB_H 1
#define HAVE_STRING_H 1
#define HAVE_INTTYPES_H 1
#define HAVE_STDINT_H 1
#define HAVE_STRINGS_H 1
#define HAVE_SYS_STAT_H 1
#define HAVE_SYS_TYPES_H 1
#define HAVE_UNISTD_H 1
#define STDC_HEADERS 1
#define HAVE_DLFCN_H 1
#define LT_OBJDIR ".libs/"
#define HAVE_STDLIB_H 1
#define HAVE_STRING_H 1
#define HAVE_UNISTD_H 1
#define HAVE__BOOL 1
#define HAVE_STDBOOL_H 1
#define HAVE_MALLOC 1

configure: exit 0
